\BOOKMARK [0][-]{Doc-Start}{\376\377\116\055\145\207\144\130\211\201}{}% 1
\BOOKMARK [0][-]{Doc-Start}{\376\377\202\361\145\207\144\130\211\201}{}% 2
\BOOKMARK [0][-]{chapter.1}{\376\377\116\055\145\207\121\160\135\336\131\047\133\146}{}% 3
\BOOKMARK [1][-]{section.1.1}{\376\377\173\054\116\000\202\202}{chapter.1}% 4
\BOOKMARK [2][-]{subsection.1.1.1}{\376\377\173\054\116\000\147\141}{section.1.1}% 5
\BOOKMARK [1][-]{section.1.2}{\376\377\173\054\116\000\202\202}{chapter.1}% 6
\BOOKMARK [2][-]{subsection.1.2.1}{\376\377\173\054\116\000\147\141}{section.1.2}% 7
\BOOKMARK [1][-]{section.1.3}{\376\377\173\054\116\000\202\202}{chapter.1}% 8
\BOOKMARK [2][-]{subsection.1.3.1}{\376\377\173\054\116\000\147\141}{section.1.3}% 9
\BOOKMARK [0][-]{chapter.2}{\376\377\116\055\145\207\121\160\135\336\131\047\133\146}{}% 10
\BOOKMARK [1][-]{section.2.1}{\376\377\173\054\116\000\202\202}{chapter.2}% 11
\BOOKMARK [2][-]{subsection.2.1.1}{\376\377\173\054\116\000\147\141}{section.2.1}% 12
\BOOKMARK [1][-]{section.2.2}{\376\377\173\054\116\000\202\202}{chapter.2}% 13
\BOOKMARK [2][-]{subsection.2.2.1}{\376\377\173\054\116\000\147\141}{section.2.2}% 14
\BOOKMARK [1][-]{section.2.3}{\376\377\173\054\116\000\202\202}{chapter.2}% 15
\BOOKMARK [2][-]{subsection.2.3.1}{\376\377\173\054\116\000\147\141}{section.2.3}% 16
\BOOKMARK [0][-]{chapter.3}{\376\377\116\055\145\207\121\160\135\336\131\047\133\146}{}% 17
\BOOKMARK [0][-]{chapter.4}{\376\377\116\055\145\207\121\160\135\336\131\047\133\146}{}% 18
\BOOKMARK [0][-]{chapter.5}{\376\377\116\055\145\207\121\160\135\336\131\047\133\146}{}% 19
\BOOKMARK [1][-]{section.5.1}{\376\377\173\054\116\000\202\202}{chapter.5}% 20
\BOOKMARK [2][-]{subsection.5.1.1}{\376\377\173\054\116\000\147\141}{section.5.1}% 21
\BOOKMARK [1][-]{section.5.2}{\376\377\153\143\145\207\377\010\000C\000o\000n\000t\000e\000n\000t\000s\377\011}{chapter.5}% 22
\BOOKMARK [2][-]{subsection.5.2.1}{\376\377\150\007\230\230}{section.5.2}% 23
\BOOKMARK [2][-]{subsection.5.2.2}{\376\377\126\376\210\150}{section.5.2}% 24
\BOOKMARK [2][-]{subsection.5.2.3}{\376\377\126\376\210\150}{section.5.2}% 25
\BOOKMARK [0][-]{chapter.6}{\376\377\117\213\133\120}{}% 26
\BOOKMARK [0][-]{chapter*.9}{\376\377\123\302\200\003\145\207\163\056}{}% 27
\BOOKMARK [0][-]{chapter*.10}{\376\377\226\104\000\040\000\040\137\125}{}% 28
\BOOKMARK [0][-]{chapter*.11}{\376\377\141\037\000\040\000\040\214\042}{}% 29
\BOOKMARK [0][-]{chapter*.11}{\376\377\213\272\145\207\142\020\176\351}{}% 30
